<<<<<<< Updated upstream
﻿  ColaArray.cpp
  ColaIntImp.cpp
  ColaPrioridadIntImp.cpp
  ConductorPrueba.cpp
  ConductorPruebaObl2.cpp
  Defensa.cpp
  DiccionarioIntImp.cpp
  Ejercicios.cpp
  EstadisticaPrueba.cpp
  FuncAux.cpp
  FuncAuxTAD.cpp
  FuncAux_s.cpp
  ListaOrdIntImp.cpp
  ListaOrdIntImp2.cpp
  ListaPosIntImp.cpp
  main.cpp
  ManejadorArchivos.cpp
  ManejadorImpresionPrueba.cpp
  ManejadorSalidaPrueba.cpp
  MultisetIntImp.cpp
  Generando código...
  Compilando...
  PilaIntImp.cpp
  Prueba.cpp
  PruebasAuxDefensa.cpp
  PruebasAuxEntrega.cpp
  PruebasColaInt.cpp
  PruebasColaPrioridadInt.cpp
  PruebasCorreccion.cpp
  PruebasDefensa.cpp
  PruebasDiccionarioInt.cpp
  PruebasEjemploDeUsoEntrega.cpp
  PruebasListaOrdInt.cpp
  PruebasListaPosInt.cpp
  PruebasMultisetInt.cpp
  PruebasPilaInt.cpp
  PruebasPropias.cpp
  PruebasSetInt.cpp
  PruebasTablaIntInt.cpp
  PruebasTablaIntString.cpp
  SetIntImp.cpp
  TablaIntIntImp.cpp
  Generando código...
  Compilando...
  TablaIntStringImp.cpp
  Generando código...
  aFramework.vcxproj -> D:\ORT\Estructura de datos y Algoritmos 1\Repos\Entrega2\2023s1_Ejercicios2\Debug\aFramework.exe
=======
﻿  ListaPosIntImp.cpp
D:\ORT\Estructura de datos y Algoritmos 1\Repositorio\Entrega2\2023s1_Ejercicios2\ListaPosIntImp.cpp(34,10): warning C4018: '<': no coinciden signed/unsigned
D:\ORT\Estructura de datos y Algoritmos 1\Repositorio\Entrega2\2023s1_Ejercicios2\ListaPosIntImp.cpp(35,46): warning C4018: '>=': no coinciden signed/unsigned
D:\ORT\Estructura de datos y Algoritmos 1\Repositorio\Entrega2\2023s1_Ejercicios2\ListaPosIntImp.cpp(48,10): warning C4018: '<=': no coinciden signed/unsigned
  aFramework.vcxproj -> D:\ORT\Estructura de datos y Algoritmos 1\Repositorio\Entrega2\2023s1_Ejercicios2\Debug\aFramework.exe
>>>>>>> Stashed changes
